
> web@0.1.0 build C:\Users\ronni\Project_folder\Python-Ai-Projects\ATS-Resume-Tracker-System\careercraft-ai\apps\web
> next build

   ▲ Next.js 15.5.12

   Creating an optimized production build ...
 ⚠ Compiled with warnings in 3.4s

./components/applications/timeline-view.tsx
Attempted import error: 'Sort' is not exported from '__barrel_optimize__?names=AlertCircle,Building,CheckCircle,ChevronDown,ChevronUp,Clock,ExternalLink,Eye,FileText,Filter,Mail,MapPin,MessageSquare,Phone,Sort,Star,TrendingUp,Users,XCircle!=!lucide-react' (imported as 'Sort').

Import trace for requested module:
./components/applications/timeline-view.tsx
./app/(career)/applications/page.tsx

 ⚠ Compiled with warnings in 5.1s

./components/applications/timeline-view.tsx
Attempted import error: 'Sort' is not exported from '__barrel_optimize__?names=AlertCircle,Building,CheckCircle,ChevronDown,ChevronUp,Clock,ExternalLink,Eye,FileText,Filter,Mail,MapPin,MessageSquare,Phone,Sort,Star,TrendingUp,Users,XCircle!=!lucide-react' (imported as 'Sort').

Import trace for requested module:
./components/applications/timeline-view.tsx
./app/(career)/applications/page.tsx

 ✓ Compiled successfully in 8.6s
   Linting and checking validity of types ...
 ⨯ ESLint: Invalid Options: - Unknown options: useEslintrc, extensions - 'extensions' has been removed.
Failed to compile.

.next/types/app/(career)/cover-letters/page.ts:30:4
Type error: Type 'typeof import("C:/Users/ronni/Project_folder/Python-Ai-Projects/ATS-Resume-Tracker-System/careercraft-ai/apps/web/app/(career)/cover-letters/page")' does not satisfy the constraint '{ default: Function; config?: {} | undefined; generateStaticParams?: Function | undefined; revalidate?: false | undefined; dynamic?: "error" | "auto" | "force-dynamic" | "force-static" | undefined; ... 9 more ...; experimental_ppr?: boolean | undefined; }'.
  Property 'default' is missing in type 'typeof import("C:/Users/ronni/Project_folder/Python-Ai-Projects/ATS-Resume-Tracker-System/careercraft-ai/apps/web/app/(career)/cover-letters/page")' but required in type '{ default: Function; config?: {} | undefined; generateStaticParams?: Function | undefined; revalidate?: false | undefined; dynamic?: "error" | "auto" | "force-dynamic" | "force-static" | undefined; ... 9 more ...; experimental_ppr?: boolean | undefined; }'.

[0m [90m 28 |[39m   experimental_ppr[33m?[39m[33m:[39m boolean
 [90m 29 |[39m   
[31m[1m>[22m[39m[90m 30 |[39m }[33m,[39m [33mTEntry[39m[33m,[39m [32m''[39m[33m>>[39m()
 [90m    |[39m    [31m[1m^[22m[39m
 [90m 31 |[39m
 [90m 32 |[39m
 [90m 33 |[39m [90m// Check the prop type of the entry function[39m[0m
Next.js build worker exited with code: 1 and signal: null
 ELIFECYCLE  Command failed with exit code 1.
